<?xml version="1.0" encoding="utf-8"?><testsuites name="pytest tests"><testsuite name="pytest" errors="0" failures="0" skipped="0" tests="106" time="10.513" timestamp="2026-09-17T10:35:16.248745+05:30" hostname="GROUNDZERO"><testcase classname="tests.test_database" name="test_sqlite_schema_and_parameterized_packet_insert" time="0.014" /><testcase classname="tests.test_gps_engine" name="test_north_packet_geometry" time="0.018" /><testcase classname="tests.test_gps_engine" name="test_stale_gps_rejected" time="0.008" /><testcase classname="tests.test_gps_engine" name="test_poor_accuracy_rejected" time="0.008" /><testcase classname="tests.test_gps_engine" name="test_duplicate_packet_rejected" time="0.013" /><testcase classname="tests.test_gps_engine" name="test_moving_away_rejected" time="0.017" /><testcase classname="tests.test_gps_engine" name="test_slowly_moving_ambulance_near_junction" time="0.014" /><testcase classname="tests.test_gps_engine" name="test_angular_difference_wraparound" time="0.001" /><testcase classname="tests.test_integration" name="test_simulated_ambulance_each_side_recovers[NORTH]" time="0.023" /><testcase classname="tests.test_integration" name="test_simulated_ambulance_each_side_recovers[EAST]" time="0.010" /><testcase classname="tests.test_integration" name="test_simulated_ambulance_each_side_recovers[SOUTH]" time="0.010" /><testcase classname="tests.test_integration" name="test_simulated_ambulance_each_side_recovers[WEST]" time="0.015" /><testcase classname="tests.test_integration" name="test_gps_loss_during_ambulance_green_warns_and_times_out" time="0.011" /><testcase classname="tests.test_integration" name="test_two_conflicting_ambulances_served_without_reversal" time="0.011" /><testcase classname="tests.test_mqtt_connection" name="test_mobile_telemetry_acknowledgement_and_cancel" time="1.048" /><testcase classname="tests.test_mqtt_connection" name="test_broker_shutdown_closes_connected_clients" time="1.323" /><testcase classname="tests.test_passage_detector" name="test_crossing_requires_entry_and_three_points_beyond_exit" time="0.011" /><testcase classname="tests.test_passage_detector" name="test_single_point_cannot_restore_normal" time="0.019" /><testcase classname="tests.test_priority_manager" name="test_red_priority_before_yellow" time="0.012" /><testcase classname="tests.test_priority_manager" name="test_yellow_priority_before_green" time="0.014" /><testcase classname="tests.test_priority_manager" name="test_lower_eta_tie_breaker" time="0.007" /><testcase classname="tests.test_priority_manager" name="test_waiting_time_tie_breaker" time="0.006" /><testcase classname="tests.test_priority_manager" name="test_waiting_time_protection_prevents_starvation" time="0.004" /><testcase classname="tests.test_priority_manager" name="test_two_simultaneous_ambulances_are_deterministic" time="0.004" /><testcase classname="tests.test_priority_manager" name="test_held_request_stays_out_of_selection_during_gps_updates" time="0.005" /><testcase classname="tests.test_side_detector" name="test_cardinal_side_detection[0-NORTH]" time="0.000" /><testcase classname="tests.test_side_detector" name="test_cardinal_side_detection[180-SOUTH]" time="0.000" /><testcase classname="tests.test_side_detector" name="test_cardinal_side_detection[90-EAST]" time="0.000" /><testcase classname="tests.test_side_detector" name="test_cardinal_side_detection[270-WEST]" time="0.000" /><testcase classname="tests.test_side_detector" name="test_bearing_wrap_around_near_zero" time="0.000" /><testcase classname="tests.test_signal_controller" name="test_normal_traffic_cycle" time="0.005" /><testcase classname="tests.test_signal_controller" name="test_safe_transition_into_preemption_has_yellow_and_all_red" time="0.005" /><testcase classname="tests.test_signal_controller" name="test_safe_transition_out_of_preemption" time="0.004" /><testcase classname="tests.test_signal_controller" name="test_emergency_cancellation" time="0.004" /><testcase classname="tests.test_signal_controller" name="test_maximum_green_timeout" time="0.005" /><testcase classname="tests.test_signal_controller" name="test_no_conflicting_green_signals_during_all_transitions" time="0.005" /><testcase classname="tests.test_signal_controller" name="test_unsafe_state_enters_fail_safe" time="0.004" /><testcase classname="tests.test_signal_controller" name="test_application_restart_safe_initialization" time="0.004" /><testcase classname="tests.test_ui" name="test_professional_shell_navigation_and_scaling" time="0.206" /><testcase classname="tests.test_ui" name="test_live_emergency_queue_and_gps_loss_states" time="0.082" /><testcase classname="tests.test_ui" name="test_fail_safe_has_explicit_critical_presentation" time="0.070" /><testcase classname="tests.test_ui" name="test_active_emergency_tracks_controller_selection" time="0.103" /><testcase classname="tests.test_ui" name="test_rejected_request_is_visible_with_reason" time="0.066" /><testcase classname="tests.test_ui" name="test_hardware_monitor_never_ticks_local_controller" time="0.103" /><testcase classname="tests.test_ui" name="test_simulated_gps_clock_uses_simulation_elapsed_time" time="0.077" /><testcase classname="tests.test_ui" name="test_continuous_desktop_ambulance_clears_and_restores" time="5.339" /><testcase classname="tests.test_ui" name="test_delayed_simulation_packets_are_rejected_as_stale" time="0.167" /><testcase classname="tests.test_ui" name="test_stop_finishes_yellow_before_holding_all_red" time="0.125" /><testcase classname="tests.test_upgrade_safety" name="test_route_distance_follows_bend_and_signed_stop" time="0.001" /><testcase classname="tests.test_upgrade_safety" name="test_repeated_noisy_approach_is_stable[NORTH-180]" time="0.005" /><testcase classname="tests.test_upgrade_safety" name="test_repeated_noisy_approach_is_stable[EAST-270]" time="0.005" /><testcase classname="tests.test_upgrade_safety" name="test_repeated_noisy_approach_is_stable[SOUTH-0]" time="0.005" /><testcase classname="tests.test_upgrade_safety" name="test_repeated_noisy_approach_is_stable[WEST-90]" time="0.006" /><testcase classname="tests.test_upgrade_safety" name="test_invalid_gps_never_grants[changes0]" time="0.007" /><testcase classname="tests.test_upgrade_safety" name="test_invalid_gps_never_grants[changes1]" time="0.009" /><testcase classname="tests.test_upgrade_safety" name="test_invalid_gps_never_grants[changes2]" time="0.010" /><testcase classname="tests.test_upgrade_safety" name="test_timestamp_reversal_and_impossible_jump" time="0.009" /><testcase classname="tests.test_upgrade_safety" name="test_cross_trip_history_does_not_confirm" time="0.006" /><testcase classname="tests.test_upgrade_safety" name="test_authentication_replay_and_tampering" time="0.012" /><testcase classname="tests.test_upgrade_safety" name="test_bad_requests_rejected[controllerId-OTHER]" time="0.008" /><testcase classname="tests.test_upgrade_safety" name="test_bad_requests_rejected[junctionId-UNKNOWN]" time="0.005" /><testcase classname="tests.test_upgrade_safety" name="test_bad_requests_rejected[approachConfidence-79]" time="0.009" /><testcase classname="tests.test_upgrade_safety" name="test_bad_requests_rejected[speed-0]" time="0.015" /><testcase classname="tests.test_upgrade_safety" name="test_bad_requests_rejected[latitude-nan]" time="0.007" /><testcase classname="tests.test_upgrade_safety" name="test_bad_requests_rejected[timestamp-2000-01-01T00:00:00Z]" time="0.005" /><testcase classname="tests.test_upgrade_safety" name="test_ack_requires_identity_freshness_and_exact_applied_green" time="0.004" /><testcase classname="tests.test_upgrade_safety" name="test_gpio_interlock_latches_and_drives_all_red" time="0.005" /><testcase classname="tests.test_upgrade_safety" name="test_readback_fault_detected_even_when_desired_state_unchanged" time="0.005" /><testcase classname="tests.test_upgrade_safety" name="test_heartbeat_watchdog_latches" time="0.000" /><testcase classname="tests.test_upgrade_safety" name="test_cars_stop_queue_then_clear_without_overlap[NORTH]" time="0.112" /><testcase classname="tests.test_upgrade_safety" name="test_cars_stop_queue_then_clear_without_overlap[EAST]" time="0.107" /><testcase classname="tests.test_upgrade_safety" name="test_cars_stop_queue_then_clear_without_overlap[SOUTH]" time="0.095" /><testcase classname="tests.test_upgrade_safety" name="test_cars_stop_queue_then_clear_without_overlap[WEST]" time="0.095" /><testcase classname="tests.test_upgrade_safety" name="test_simulation_delta_partition_equivalence" time="0.002" /><testcase classname="tests.test_upgrade_safety" name="test_signed_runtime_applies_output_before_grant" time="0.014" /><testcase classname="tests.test_upgrade_safety" name="test_predefined_component_scenarios[0]" time="0.030" /><testcase classname="tests.test_upgrade_safety" name="test_predefined_component_scenarios[1]" time="0.012" /><testcase classname="tests.test_upgrade_safety" name="test_predefined_component_scenarios[2]" time="0.008" /><testcase classname="tests.test_upgrade_safety" name="test_predefined_component_scenarios[3]" time="0.008" /><testcase classname="tests.test_upgrade_safety" name="test_predefined_component_scenarios[4]" time="0.005" /><testcase classname="tests.test_upgrade_safety" name="test_predefined_component_scenarios[5]" time="0.005" /><testcase classname="tests.test_upgrade_safety" name="test_predefined_component_scenarios[6]" time="0.005" /><testcase classname="tests.test_upgrade_safety" name="test_predefined_component_scenarios[7]" time="0.005" /><testcase classname="tests.test_upgrade_safety" name="test_predefined_component_scenarios[8]" time="0.005" /><testcase classname="tests.test_upgrade_safety" name="test_predefined_component_scenarios[9]" time="0.005" /><testcase classname="tests.test_upgrade_safety" name="test_predefined_component_scenarios[10]" time="0.005" /><testcase classname="tests.test_upgrade_safety" name="test_predefined_component_scenarios[11]" time="0.005" /><testcase classname="tests.test_upgrade_safety" name="test_predefined_component_scenarios[12]" time="0.005" /><testcase classname="tests.test_upgrade_safety" name="test_predefined_component_scenarios[13]" time="0.005" /><testcase classname="tests.test_upgrade_safety" name="test_predefined_component_scenarios[14]" time="0.005" /><testcase classname="tests.test_upgrade_safety" name="test_predefined_component_scenarios[15]" time="0.005" /><testcase classname="tests.test_upgrade_safety" name="test_predefined_component_scenarios[16]" time="0.008" /><testcase classname="tests.test_upgrade_safety" name="test_predefined_component_scenarios[17]" time="0.005" /><testcase classname="tests.test_upgrade_safety" name="test_predefined_component_scenarios[18]" time="0.005" /><testcase classname="tests.test_upgrade_safety" name="test_predefined_component_scenarios[19]" time="0.005" /><testcase classname="tests.test_upgrade_safety" name="test_default_single_phase_and_opt_in_paired" time="0.023" /><testcase classname="tests.test_upgrade_safety" name="test_replay_survives_controller_restart" time="0.035" /><testcase classname="tests.test_upgrade_safety" name="test_hil_adapter_authenticates_and_submits_once" time="0.047" /><testcase classname="tests.test_upgrade_safety" name="test_trip_report_does_not_invent_success" time="0.002" /><testcase classname="tests.test_upgrade_safety" name="test_all_ordinary_vehicle_exits_are_continuous[NORTH]" time="0.051" /><testcase classname="tests.test_upgrade_safety" name="test_all_ordinary_vehicle_exits_are_continuous[EAST]" time="0.029" /><testcase classname="tests.test_upgrade_safety" name="test_all_ordinary_vehicle_exits_are_continuous[SOUTH]" time="0.031" /><testcase classname="tests.test_upgrade_safety" name="test_all_ordinary_vehicle_exits_are_continuous[WEST]" time="0.027" /><testcase classname="tests.test_upgrade_safety" name="test_turning_merge_preserves_spacing" time="0.015" /><testcase classname="tests.test_upgrade_safety" name="test_hardware_monitor_authenticates_phone_and_ack" time="0.006" /><testcase classname="tests.test_upgrade_safety" name="test_registered_turning_ambulance_crosses_correct_exit" time="0.012" /></testsuite></testsuites>